<?xml version="1.0" encoding="UTF-8"?>
<!-- Generated by org.testng.reporters.JUnitXMLReporter -->
<testsuite hostname="DESKTOP-8C4CL6D" ignored="0" name="Test" tests="2" failures="1" timestamp="06 May 2020 07:15:52 GMT" time="9.768" errors="0">
  <testcase name="login_Ebay" time="9.508" classname="com.lib.Maven_Demo1">
    <failure type="java.lang.AssertionError" message="expected [Sign in or Register | eBay] but found []">
      <![CDATA[java.lang.AssertionError: expected [Sign in or Register | eBay] but found []
at com.lib.Maven_Demo1.login_Ebay(Maven_Demo1.java:25)
... Removed 31 stack frames]]>
    </failure>
  </testcase> <!-- login_Ebay -->
  <testcase name="Jenkins" time="0.0" classname="com.lib.Variables_testing"/>
</testsuite> <!-- Test -->
